This is pdfTeX, Version 3.14159265-2.6-1.40.17 (TeX Live 2016) (preloaded format=pdflatex 2016.5.22)  6 JUN 2022 10:49
entering extended mode
 restricted \write18 enabled.
 file:line:error style messages enabled.
 %&-line parsing enabled.
**intro.tex
(./intro.tex
LaTeX2e <2016/03/31>
Babel <3.9r> and hyphenation patterns for 83 language(s) loaded.
(/usr/local/texlive/2016/texmf-dist/tex/latex/beamer/beamer.cls
(/usr/local/texlive/2016/texmf-dist/tex/latex/beamer/beamerbasercs.sty
Package: beamerbasercs 2015/03/08 (rcs-revision 368aa9ba9d38)
)
Document Class: beamer 2015/01/05 3.36 A class for typesetting presentations (r
cs-revision 8a39122e1f63)
(/usr/local/texlive/2016/texmf-dist/tex/latex/beamer/beamerbasemodes.sty
Package: beamerbasemodes 2013/09/03 (rcs-revision 768f2d98ca64)
\beamer@tempbox=\box26
\beamer@tempcount=\count79
\c@beamerpauses=\count80

(/usr/local/texlive/2016/texmf-dist/tex/latex/beamer/beamerbasedecode.sty
Package: beamerbasedecode 2010/05/01 (rcs-revision efa082c6111d)
\beamer@slideinframe=\count81
\beamer@minimum=\count82
)
\beamer@commentbox=\box27
\beamer@modecount=\count83
)
(/usr/local/texlive/2016/texmf-dist/tex/generic/oberdiek/ifpdf.sty
Package: ifpdf 2016/05/14 v3.1 Provides the ifpdf switch
)
\headheight=\dimen102
\headdp=\dimen103
\footheight=\dimen104
\sidebarheight=\dimen105
\beamer@tempdim=\dimen106
\beamer@finalheight=\dimen107
\beamer@animht=\dimen108
\beamer@animdp=\dimen109
\beamer@animwd=\dimen110
\beamer@leftmargin=\dimen111
\beamer@rightmargin=\dimen112
\beamer@leftsidebar=\dimen113
\beamer@rightsidebar=\dimen114
\beamer@boxsize=\dimen115
\beamer@vboxoffset=\dimen116
\beamer@descdefault=\dimen117
\beamer@descriptionwidth=\dimen118
\beamer@lastskip=\skip41
\beamer@areabox=\box28
\beamer@animcurrent=\box29
\beamer@animshowbox=\box30
\beamer@sectionbox=\box31
\beamer@logobox=\box32
\beamer@linebox=\box33
\beamer@sectioncount=\count84
\beamer@subsubsectionmax=\count85
\beamer@subsectionmax=\count86
\beamer@sectionmax=\count87
\beamer@totalheads=\count88
\beamer@headcounter=\count89
\beamer@partstartpage=\count90
\beamer@sectionstartpage=\count91
\beamer@subsectionstartpage=\count92
\beamer@animationtempa=\count93
\beamer@animationtempb=\count94
\beamer@xpos=\count95
\beamer@ypos=\count96
\beamer@showpartnumber=\count97
\beamer@currentsubsection=\count98
\beamer@coveringdepth=\count99
\beamer@sectionadjust=\count100
\beamer@tocsectionnumber=\count101

(/usr/local/texlive/2016/texmf-dist/tex/latex/beamer/beamerbaseoptions.sty
Package: beamerbaseoptions 2013/03/10 (rcs-revision 47431932db0d)

(/usr/local/texlive/2016/texmf-dist/tex/latex/graphics/keyval.sty
Package: keyval 2014/10/28 v1.15 key=value parser (DPC)
\KV@toks@=\toks14
))
\beamer@paperwidth=\skip42
\beamer@paperheight=\skip43

(/usr/local/texlive/2016/texmf-dist/tex/latex/geometry/geometry.sty
Package: geometry 2010/09/12 v5.6 Page Geometry

(/usr/local/texlive/2016/texmf-dist/tex/generic/oberdiek/ifvtex.sty
Package: ifvtex 2016/05/16 v1.6 Detect VTeX and its facilities (HO)
Package ifvtex Info: VTeX not detected.
)
(/usr/local/texlive/2016/texmf-dist/tex/generic/ifxetex/ifxetex.sty
Package: ifxetex 2010/09/12 v0.6 Provides ifxetex conditional
)
\Gm@cnth=\count102
\Gm@cntv=\count103
\c@Gm@tempcnt=\count104
\Gm@bindingoffset=\dimen119
\Gm@wd@mp=\dimen120
\Gm@odd@mp=\dimen121
\Gm@even@mp=\dimen122
\Gm@layoutwidth=\dimen123
\Gm@layoutheight=\dimen124
\Gm@layouthoffset=\dimen125
\Gm@layoutvoffset=\dimen126
\Gm@dimlist=\toks15
)
(/usr/local/texlive/2016/texmf-dist/tex/latex/base/size11.clo
File: size11.clo 2014/09/29 v1.4h Standard LaTeX file (size option)
)
(/usr/local/texlive/2016/texmf-dist/tex/latex/pgf/basiclayer/pgfcore.sty
(/usr/local/texlive/2016/texmf-dist/tex/latex/graphics/graphicx.sty
Package: graphicx 2014/10/28 v1.0g Enhanced LaTeX Graphics (DPC,SPQR)

(/usr/local/texlive/2016/texmf-dist/tex/latex/graphics/graphics.sty
Package: graphics 2016/05/09 v1.0r Standard LaTeX Graphics (DPC,SPQR)

(/usr/local/texlive/2016/texmf-dist/tex/latex/graphics/trig.sty
Package: trig 2016/01/03 v1.10 sin cos tan (DPC)
)
(/usr/local/texlive/2016/texmf-dist/tex/latex/graphics-cfg/graphics.cfg
File: graphics.cfg 2016/01/02 v1.10 sample graphics configuration
)
Package graphics Info: Driver file: pdftex.def on input line 96.

(/usr/local/texlive/2016/texmf-dist/tex/latex/pdftex-def/pdftex.def
File: pdftex.def 2011/05/27 v0.06d Graphics/color for pdfTeX

(/usr/local/texlive/2016/texmf-dist/tex/generic/oberdiek/infwarerr.sty
Package: infwarerr 2016/05/16 v1.4 Providing info/warning/error messages (HO)
)
(/usr/local/texlive/2016/texmf-dist/tex/generic/oberdiek/ltxcmds.sty
Package: ltxcmds 2016/05/16 v1.23 LaTeX kernel commands for general use (HO)
)
\Gread@gobject=\count105
))
\Gin@req@height=\dimen127
\Gin@req@width=\dimen128
)
(/usr/local/texlive/2016/texmf-dist/tex/latex/pgf/systemlayer/pgfsys.sty
(/usr/local/texlive/2016/texmf-dist/tex/latex/pgf/utilities/pgfrcs.sty
(/usr/local/texlive/2016/texmf-dist/tex/generic/pgf/utilities/pgfutil-common.te
x
\pgfutil@everybye=\toks16
\pgfutil@tempdima=\dimen129
\pgfutil@tempdimb=\dimen130

(/usr/local/texlive/2016/texmf-dist/tex/generic/pgf/utilities/pgfutil-common-li
sts.tex))
(/usr/local/texlive/2016/texmf-dist/tex/generic/pgf/utilities/pgfutil-latex.def
\pgfutil@abb=\box34
(/usr/local/texlive/2016/texmf-dist/tex/latex/ms/everyshi.sty
Package: everyshi 2001/05/15 v3.00 EveryShipout Package (MS)
))
(/usr/local/texlive/2016/texmf-dist/tex/generic/pgf/utilities/pgfrcs.code.tex
Package: pgfrcs 2015/08/07 v3.0.1a (rcs-revision 1.31)
))
(/usr/local/texlive/2016/texmf-dist/tex/generic/pgf/systemlayer/pgfsys.code.tex
Package: pgfsys 2014/07/09 v3.0.1a (rcs-revision 1.48)
(/usr/local/texlive/2016/texmf-dist/tex/generic/pgf/utilities/pgfkeys.code.tex
\pgfkeys@pathtoks=\toks17
\pgfkeys@temptoks=\toks18

(/usr/local/texlive/2016/texmf-dist/tex/generic/pgf/utilities/pgfkeysfiltered.c
ode.tex
\pgfkeys@tmptoks=\toks19
))
\pgf@x=\dimen131
\pgf@y=\dimen132
\pgf@xa=\dimen133
\pgf@ya=\dimen134
\pgf@xb=\dimen135
\pgf@yb=\dimen136
\pgf@xc=\dimen137
\pgf@yc=\dimen138
\w@pgf@writea=\write3
\r@pgf@reada=\read1
\c@pgf@counta=\count106
\c@pgf@countb=\count107
\c@pgf@countc=\count108
\c@pgf@countd=\count109
\t@pgf@toka=\toks20
\t@pgf@tokb=\toks21
\t@pgf@tokc=\toks22

(/usr/local/texlive/2016/texmf-dist/tex/generic/pgf/systemlayer/pgf.cfg
File: pgf.cfg 2008/05/14  (rcs-revision 1.7)
)
Driver file for pgf: pgfsys-pdftex.def

(/usr/local/texlive/2016/texmf-dist/tex/generic/pgf/systemlayer/pgfsys-pdftex.d
ef
File: pgfsys-pdftex.def 2014/10/11  (rcs-revision 1.35)

(/usr/local/texlive/2016/texmf-dist/tex/generic/pgf/systemlayer/pgfsys-common-p
df.def
File: pgfsys-common-pdf.def 2013/10/10  (rcs-revision 1.13)
)))
(/usr/local/texlive/2016/texmf-dist/tex/generic/pgf/systemlayer/pgfsyssoftpath.
code.tex
File: pgfsyssoftpath.code.tex 2013/09/09  (rcs-revision 1.9)
\pgfsyssoftpath@smallbuffer@items=\count110
\pgfsyssoftpath@bigbuffer@items=\count111
)
(/usr/local/texlive/2016/texmf-dist/tex/generic/pgf/systemlayer/pgfsysprotocol.
code.tex
File: pgfsysprotocol.code.tex 2006/10/16  (rcs-revision 1.4)
)) (/usr/local/texlive/2016/texmf-dist/tex/latex/xcolor/xcolor.sty
Package: xcolor 2016/05/11 v2.12 LaTeX color extensions (UK)

(/usr/local/texlive/2016/texmf-dist/tex/latex/graphics-cfg/color.cfg
File: color.cfg 2016/01/02 v1.6 sample color configuration
)
Package xcolor Info: Driver file: pdftex.def on input line 225.
Package xcolor Info: Model `cmy' substituted by `cmy0' on input line 1348.
Package xcolor Info: Model `hsb' substituted by `rgb' on input line 1352.
Package xcolor Info: Model `RGB' extended on input line 1364.
Package xcolor Info: Model `HTML' substituted by `rgb' on input line 1366.
Package xcolor Info: Model `Hsb' substituted by `hsb' on input line 1367.
Package xcolor Info: Model `tHsb' substituted by `hsb' on input line 1368.
Package xcolor Info: Model `HSB' substituted by `hsb' on input line 1369.
Package xcolor Info: Model `Gray' substituted by `gray' on input line 1370.
Package xcolor Info: Model `wave' substituted by `hsb' on input line 1371.
)
(/usr/local/texlive/2016/texmf-dist/tex/generic/pgf/basiclayer/pgfcore.code.tex
Package: pgfcore 2010/04/11 v3.0.1a (rcs-revision 1.7)
(/usr/local/texlive/2016/texmf-dist/tex/generic/pgf/math/pgfmath.code.tex
(/usr/local/texlive/2016/texmf-dist/tex/generic/pgf/math/pgfmathcalc.code.tex
(/usr/local/texlive/2016/texmf-dist/tex/generic/pgf/math/pgfmathutil.code.tex)
(/usr/local/texlive/2016/texmf-dist/tex/generic/pgf/math/pgfmathparser.code.tex
\pgfmath@dimen=\dimen139
\pgfmath@count=\count112
\pgfmath@box=\box35
\pgfmath@toks=\toks23
\pgfmath@stack@operand=\toks24
\pgfmath@stack@operation=\toks25
)
(/usr/local/texlive/2016/texmf-dist/tex/generic/pgf/math/pgfmathfunctions.code.
tex
(/usr/local/texlive/2016/texmf-dist/tex/generic/pgf/math/pgfmathfunctions.basic
.code.tex)
(/usr/local/texlive/2016/texmf-dist/tex/generic/pgf/math/pgfmathfunctions.trigo
nometric.code.tex)
(/usr/local/texlive/2016/texmf-dist/tex/generic/pgf/math/pgfmathfunctions.rando
m.code.tex)
(/usr/local/texlive/2016/texmf-dist/tex/generic/pgf/math/pgfmathfunctions.compa
rison.code.tex)
(/usr/local/texlive/2016/texmf-dist/tex/generic/pgf/math/pgfmathfunctions.base.
code.tex)
(/usr/local/texlive/2016/texmf-dist/tex/generic/pgf/math/pgfmathfunctions.round
.code.tex)
(/usr/local/texlive/2016/texmf-dist/tex/generic/pgf/math/pgfmathfunctions.misc.
code.tex)
(/usr/local/texlive/2016/texmf-dist/tex/generic/pgf/math/pgfmathfunctions.integ
erarithmetics.code.tex)))
(/usr/local/texlive/2016/texmf-dist/tex/generic/pgf/math/pgfmathfloat.code.tex
\c@pgfmathroundto@lastzeros=\count113
))
(/usr/local/texlive/2016/texmf-dist/tex/generic/pgf/basiclayer/pgfcorepoints.co
de.tex
File: pgfcorepoints.code.tex 2013/10/07  (rcs-revision 1.27)
\pgf@picminx=\dimen140
\pgf@picmaxx=\dimen141
\pgf@picminy=\dimen142
\pgf@picmaxy=\dimen143
\pgf@pathminx=\dimen144
\pgf@pathmaxx=\dimen145
\pgf@pathminy=\dimen146
\pgf@pathmaxy=\dimen147
\pgf@xx=\dimen148
\pgf@xy=\dimen149
\pgf@yx=\dimen150
\pgf@yy=\dimen151
\pgf@zx=\dimen152
\pgf@zy=\dimen153
)
(/usr/local/texlive/2016/texmf-dist/tex/generic/pgf/basiclayer/pgfcorepathconst
ruct.code.tex
File: pgfcorepathconstruct.code.tex 2013/10/07  (rcs-revision 1.29)
\pgf@path@lastx=\dimen154
\pgf@path@lasty=\dimen155
)
(/usr/local/texlive/2016/texmf-dist/tex/generic/pgf/basiclayer/pgfcorepathusage
.code.tex
File: pgfcorepathusage.code.tex 2014/11/02  (rcs-revision 1.24)
\pgf@shorten@end@additional=\dimen156
\pgf@shorten@start@additional=\dimen157
)
(/usr/local/texlive/2016/texmf-dist/tex/generic/pgf/basiclayer/pgfcorescopes.co
de.tex
File: pgfcorescopes.code.tex 2015/05/08  (rcs-revision 1.46)
\pgfpic=\box36
\pgf@hbox=\box37
\pgf@layerbox@main=\box38
\pgf@picture@serial@count=\count114
)
(/usr/local/texlive/2016/texmf-dist/tex/generic/pgf/basiclayer/pgfcoregraphicst
ate.code.tex
File: pgfcoregraphicstate.code.tex 2014/11/02  (rcs-revision 1.12)
\pgflinewidth=\dimen158
)
(/usr/local/texlive/2016/texmf-dist/tex/generic/pgf/basiclayer/pgfcoretransform
ations.code.tex
File: pgfcoretransformations.code.tex 2015/08/07  (rcs-revision 1.20)
\pgf@pt@x=\dimen159
\pgf@pt@y=\dimen160
\pgf@pt@temp=\dimen161
)
(/usr/local/texlive/2016/texmf-dist/tex/generic/pgf/basiclayer/pgfcorequick.cod
e.tex
File: pgfcorequick.code.tex 2008/10/09  (rcs-revision 1.3)
)
(/usr/local/texlive/2016/texmf-dist/tex/generic/pgf/basiclayer/pgfcoreobjects.c
ode.tex
File: pgfcoreobjects.code.tex 2006/10/11  (rcs-revision 1.2)
)
(/usr/local/texlive/2016/texmf-dist/tex/generic/pgf/basiclayer/pgfcorepathproce
ssing.code.tex
File: pgfcorepathprocessing.code.tex 2013/09/09  (rcs-revision 1.9)
)
(/usr/local/texlive/2016/texmf-dist/tex/generic/pgf/basiclayer/pgfcorearrows.co
de.tex
File: pgfcorearrows.code.tex 2015/05/14  (rcs-revision 1.43)
\pgfarrowsep=\dimen162
)
(/usr/local/texlive/2016/texmf-dist/tex/generic/pgf/basiclayer/pgfcoreshade.cod
e.tex
File: pgfcoreshade.code.tex 2013/07/15  (rcs-revision 1.15)
\pgf@max=\dimen163
\pgf@sys@shading@range@num=\count115
)
(/usr/local/texlive/2016/texmf-dist/tex/generic/pgf/basiclayer/pgfcoreimage.cod
e.tex
File: pgfcoreimage.code.tex 2013/07/15  (rcs-revision 1.18)

(/usr/local/texlive/2016/texmf-dist/tex/generic/pgf/basiclayer/pgfcoreexternal.
code.tex
File: pgfcoreexternal.code.tex 2014/07/09  (rcs-revision 1.21)
\pgfexternal@startupbox=\box39
))
(/usr/local/texlive/2016/texmf-dist/tex/generic/pgf/basiclayer/pgfcorelayers.co
de.tex
File: pgfcorelayers.code.tex 2013/07/18  (rcs-revision 1.7)
)
(/usr/local/texlive/2016/texmf-dist/tex/generic/pgf/basiclayer/pgfcoretranspare
ncy.code.tex
File: pgfcoretransparency.code.tex 2013/09/30  (rcs-revision 1.5)
)
(/usr/local/texlive/2016/texmf-dist/tex/generic/pgf/basiclayer/pgfcorepatterns.
code.tex
File: pgfcorepatterns.code.tex 2013/11/07  (rcs-revision 1.5)
)))
(/usr/local/texlive/2016/texmf-dist/tex/latex/pgf/utilities/xxcolor.sty
Package: xxcolor 2003/10/24 ver 0.1
\XC@nummixins=\count116
\XC@countmixins=\count117
)
(/usr/local/texlive/2016/texmf-dist/tex/generic/oberdiek/atbegshi.sty
Package: atbegshi 2016/05/16 v1.17 At begin shipout hook (HO)
)
(/usr/local/texlive/2016/texmf-dist/tex/latex/hyperref/hyperref.sty
Package: hyperref 2016/05/05 v6.83n Hypertext links for LaTeX

(/usr/local/texlive/2016/texmf-dist/tex/generic/oberdiek/hobsub-hyperref.sty
Package: hobsub-hyperref 2016/05/16 v1.14 Bundle oberdiek, subset hyperref (HO)


(/usr/local/texlive/2016/texmf-dist/tex/generic/oberdiek/hobsub-generic.sty
Package: hobsub-generic 2016/05/16 v1.14 Bundle oberdiek, subset generic (HO)
Package: hobsub 2016/05/16 v1.14 Construct package bundles (HO)
Package hobsub Info: Skipping package `infwarerr' (already loaded).
Package hobsub Info: Skipping package `ltxcmds' (already loaded).
Package: ifluatex 2016/05/16 v1.4 Provides the ifluatex switch (HO)
Package ifluatex Info: LuaTeX not detected.
Package hobsub Info: Skipping package `ifvtex' (already loaded).
Package: intcalc 2016/05/16 v1.2 Expandable calculations with integers (HO)
Package hobsub Info: Skipping package `ifpdf' (already loaded).
Package: etexcmds 2016/05/16 v1.6 Avoid name clashes with e-TeX commands (HO)
Package etexcmds Info: Could not find \expanded.
(etexcmds)             That can mean that you are not using pdfTeX 1.50 or
(etexcmds)             that some package has redefined \expanded.
(etexcmds)             In the latter case, load this package earlier.
Package: kvsetkeys 2016/05/16 v1.17 Key value parser (HO)
Package: kvdefinekeys 2016/05/16 v1.4 Define keys (HO)
Package: pdftexcmds 2016/05/10 v0.21 Utility functions of pdfTeX for LuaTeX (HO
)
Package pdftexcmds Info: LuaTeX not detected.
Package pdftexcmds Info: \pdf@primitive is available.
Package pdftexcmds Info: \pdf@ifprimitive is available.
Package pdftexcmds Info: \pdfdraftmode found.
Package: pdfescape 2016/05/16 v1.14 Implements pdfTeX's escape features (HO)
Package: bigintcalc 2016/05/16 v1.4 Expandable calculations on big integers (HO
)
Package: bitset 2016/05/16 v1.2 Handle bit-vector datatype (HO)
Package: uniquecounter 2016/05/16 v1.3 Provide unlimited unique counter (HO)
)
Package hobsub Info: Skipping package `hobsub' (already loaded).
Package: letltxmacro 2016/05/16 v1.5 Let assignment for LaTeX macros (HO)
Package: hopatch 2016/05/16 v1.3 Wrapper for package hooks (HO)
Package: xcolor-patch 2016/05/16 xcolor patch
Package: atveryend 2016/05/16 v1.9 Hooks at the very end of document (HO)
Package atveryend Info: \enddocument detected (standard20110627).
Package hobsub Info: Skipping package `atbegshi' (already loaded).
Package: refcount 2016/05/16 v3.5 Data extraction from label references (HO)
Package: hycolor 2016/05/16 v1.8 Color options for hyperref/bookmark (HO)
)
(/usr/local/texlive/2016/texmf-dist/tex/latex/oberdiek/auxhook.sty
Package: auxhook 2016/05/16 v1.4 Hooks for auxiliary files (HO)
)
(/usr/local/texlive/2016/texmf-dist/tex/latex/oberdiek/kvoptions.sty
Package: kvoptions 2016/05/16 v3.12 Key value format for package options (HO)
)
\@linkdim=\dimen164
\Hy@linkcounter=\count118
\Hy@pagecounter=\count119

(/usr/local/texlive/2016/texmf-dist/tex/latex/hyperref/pd1enc.def
File: pd1enc.def 2016/05/05 v6.83n Hyperref: PDFDocEncoding definition (HO)
)
\Hy@SavedSpaceFactor=\count120

(/usr/local/texlive/2016/texmf-dist/tex/latex/latexconfig/hyperref.cfg
File: hyperref.cfg 2002/06/06 v1.2 hyperref configuration of TeXLive
)
Package hyperref Info: Option `bookmarks' set `true' on input line 4322.
Package hyperref Info: Option `bookmarksopen' set `true' on input line 4322.
Package hyperref Info: Option `implicit' set `false' on input line 4322.
Package hyperref Info: Hyper figures OFF on input line 4446.
Package hyperref Info: Link nesting OFF on input line 4451.
Package hyperref Info: Hyper index ON on input line 4454.
Package hyperref Info: Plain pages OFF on input line 4461.
Package hyperref Info: Backreferencing OFF on input line 4466.
Package hyperref Info: Implicit mode OFF; no redefinition of LaTeX internals.
Package hyperref Info: Bookmarks ON on input line 4691.
\c@Hy@tempcnt=\count121

(/usr/local/texlive/2016/texmf-dist/tex/latex/url/url.sty
\Urlmuskip=\muskip10
Package: url 2013/09/16  ver 3.4  Verb mode for urls, etc.
)
LaTeX Info: Redefining \url on input line 5044.
\XeTeXLinkMargin=\dimen165
\Fld@menulength=\count122
\Field@Width=\dimen166
\Fld@charsize=\dimen167
Package hyperref Info: Hyper figures OFF on input line 6298.
Package hyperref Info: Link nesting OFF on input line 6303.
Package hyperref Info: Hyper index ON on input line 6306.
Package hyperref Info: backreferencing OFF on input line 6313.
Package hyperref Info: Link coloring OFF on input line 6318.
Package hyperref Info: Link coloring with OCG OFF on input line 6323.
Package hyperref Info: PDF/A mode OFF on input line 6328.
LaTeX Info: Redefining \ref on input line 6368.
LaTeX Info: Redefining \pageref on input line 6372.
\Hy@abspage=\count123


Package hyperref Message: Stopped early.

)

Package hyperref Message: Driver (autodetected): hpdftex.

(/usr/local/texlive/2016/texmf-dist/tex/latex/hyperref/hpdftex.def
File: hpdftex.def 2016/05/05 v6.83n Hyperref driver for pdfTeX
\Fld@listcount=\count124
\c@bookmark@seq@number=\count125

(/usr/local/texlive/2016/texmf-dist/tex/latex/oberdiek/rerunfilecheck.sty
Package: rerunfilecheck 2016/05/16 v1.8 Rerun checks for auxiliary files (HO)
Package uniquecounter Info: New unique counter `rerunfilecheck' on input line 2
82.
))
(/usr/local/texlive/2016/texmf-dist/tex/latex/beamer/beamerbaserequires.sty
Package: beamerbaserequires 2010/05/01  (rcs-revision efa082c6111d)

(/usr/local/texlive/2016/texmf-dist/tex/latex/beamer/beamerbasecompatibility.st
y
Package: beamerbasecompatibility 2012/05/01  (rcs-revision 67c48b3b652d)
) (/usr/local/texlive/2016/texmf-dist/tex/latex/beamer/beamerbasefont.sty
Package: beamerbasefont 2015/01/05  (rcs-revision b4b4bee242e2)

(/usr/local/texlive/2016/texmf-dist/tex/latex/amsfonts/amssymb.sty
Package: amssymb 2013/01/14 v3.01 AMS font symbols

(/usr/local/texlive/2016/texmf-dist/tex/latex/amsfonts/amsfonts.sty
Package: amsfonts 2013/01/14 v3.01 Basic AMSFonts support
\@emptytoks=\toks26
\symAMSa=\mathgroup4
\symAMSb=\mathgroup5
LaTeX Font Info:    Overwriting math alphabet `\mathfrak' in version `bold'
(Font)                  U/euf/m/n --> U/euf/b/n on input line 106.
))
(/usr/local/texlive/2016/texmf-dist/tex/latex/sansmathaccent/sansmathaccent.sty
Package: sansmathaccent 2013/03/28
(/usr/local/texlive/2016/texmf-dist/tex/latex/filehook/filehook.sty
Package: filehook 2011/10/12 v0.5d Hooks for input files
)))
(/usr/local/texlive/2016/texmf-dist/tex/latex/beamer/beamerbasetranslator.sty
Package: beamerbasetranslator 2010/06/11  (rcs-revision 85fd1cc7fc42)

(/usr/local/texlive/2016/texmf-dist/tex/latex/beamer/translator/translator.sty
Package: translator 2010/06/12 ver 1.10

(/usr/local/texlive/2016/texmf-dist/tex/latex/beamer/translator/translator-lang
uage-mappings.tex)))
(/usr/local/texlive/2016/texmf-dist/tex/latex/beamer/beamerbasemisc.sty
Package: beamerbasemisc 2013/09/03  (rcs-revision a55719c41d85)
)
(/usr/local/texlive/2016/texmf-dist/tex/latex/beamer/beamerbasetwoscreens.sty
Package: beamerbasetwoscreens 2010/05/01  (rcs-revision efa082c6111d)
)
(/usr/local/texlive/2016/texmf-dist/tex/latex/beamer/beamerbaseoverlay.sty
Package: beamerbaseoverlay 2013/12/25  (rcs-revision f6bd5e3805da)
\beamer@argscount=\count126
\beamer@lastskipcover=\skip44
\beamer@trivlistdepth=\count127
)
(/usr/local/texlive/2016/texmf-dist/tex/latex/beamer/beamerbasetitle.sty
Package: beamerbasetitle 2010/09/21  (rcs-revision f0446ed0b6ae)
)
(/usr/local/texlive/2016/texmf-dist/tex/latex/beamer/beamerbasesection.sty
Package: beamerbasesection 2013/06/07  (rcs-revision 60b9fe0f342f)
\c@lecture=\count128
\c@part=\count129
\c@section=\count130
\c@subsection=\count131
\c@subsubsection=\count132
)
(/usr/local/texlive/2016/texmf-dist/tex/latex/beamer/beamerbaseframe.sty
Package: beamerbaseframe 2014/02/20  (rcs-revision 4b8ceeeff434)
\beamer@framebox=\box40
\beamer@frametitlebox=\box41
\beamer@zoombox=\box42
\beamer@zoomcount=\count133
\beamer@zoomframecount=\count134
\beamer@frametextheight=\dimen168
\c@subsectionslide=\count135
\beamer@frametopskip=\skip45
\beamer@framebottomskip=\skip46
\beamer@frametopskipautobreak=\skip47
\beamer@framebottomskipautobreak=\skip48
\beamer@envbody=\toks27
\framewidth=\dimen169
\c@framenumber=\count136
)
(/usr/local/texlive/2016/texmf-dist/tex/latex/beamer/beamerbaseverbatim.sty
Package: beamerbaseverbatim 2015/01/05  (rcs-revision 431510bb5890)
\beamer@verbatimfileout=\write4
)
(/usr/local/texlive/2016/texmf-dist/tex/latex/beamer/beamerbaseframesize.sty
Package: beamerbaseframesize 2011/09/12  (rcs-revision 70f9d8411e54)
\beamer@splitbox=\box43
\beamer@autobreakcount=\count137
\beamer@autobreaklastheight=\dimen170
\beamer@frametitletoks=\toks28
\beamer@framesubtitletoks=\toks29
)
(/usr/local/texlive/2016/texmf-dist/tex/latex/beamer/beamerbaseframecomponents.
sty
Package: beamerbaseframecomponents 2013/10/18  (rcs-revision 5cf6c5555a45)
\beamer@footins=\box44
) (/usr/local/texlive/2016/texmf-dist/tex/latex/beamer/beamerbasecolor.sty
Package: beamerbasecolor 2015/02/21  (rcs-revision d944b04ee2d5)
)
(/usr/local/texlive/2016/texmf-dist/tex/latex/beamer/beamerbasenotes.sty
Package: beamerbasenotes 2012/12/19  (rcs-revision 1686da3db3c9)
\beamer@frameboxcopy=\box45
)
(/usr/local/texlive/2016/texmf-dist/tex/latex/beamer/beamerbasetoc.sty
Package: beamerbasetoc 2015/03/08  (rcs-revision 7270298bbaae)
)
(/usr/local/texlive/2016/texmf-dist/tex/latex/beamer/beamerbasetemplates.sty
Package: beamerbasetemplates 2010/05/01  (rcs-revision efa082c6111d)
\beamer@sbttoks=\toks30

(/usr/local/texlive/2016/texmf-dist/tex/latex/beamer/beamerbaseauxtemplates.sty
Package: beamerbaseauxtemplates 2014/06/30  (rcs-revision 580088513a67)
(/usr/local/texlive/2016/texmf-dist/tex/latex/beamer/beamerbaseboxes.sty
Package: beamerbaseboxes 2012/05/13  (rcs-revision 56972908a390)
\bmb@box=\box46
\bmb@colorbox=\box47
\bmb@boxshadow=\box48
\bmb@boxshadowball=\box49
\bmb@boxshadowballlarge=\box50
\bmb@temp=\dimen171
\bmb@dima=\dimen172
\bmb@dimb=\dimen173
\bmb@prevheight=\dimen174
)
\beamer@blockheadheight=\dimen175
))
(/usr/local/texlive/2016/texmf-dist/tex/latex/beamer/beamerbaselocalstructure.s
ty
Package: beamerbaselocalstructure 2014/09/10  (rcs-revision 393f6dcff371)
 (/usr/local/texlive/2016/texmf-dist/tex/latex/tools/enumerate.sty
Package: enumerate 2015/07/23 v3.00 enumerate extensions (DPC)
\@enLab=\toks31
)
\c@figure=\count138
\c@table=\count139
\abovecaptionskip=\skip49
\belowcaptionskip=\skip50
)
(/usr/local/texlive/2016/texmf-dist/tex/latex/beamer/beamerbasenavigation.sty
Package: beamerbasenavigation 2015/02/27  (rcs-revision 923f4bf87efa)
\beamer@section@min@dim=\dimen176
)
(/usr/local/texlive/2016/texmf-dist/tex/latex/beamer/beamerbasetheorems.sty
Package: beamerbasetheorems 2010/06/06  (rcs-revision 7e7cc5e53e9d)

(/usr/local/texlive/2016/texmf-dist/tex/latex/amsmath/amsmath.sty
Package: amsmath 2016/03/10 v2.15b AMS math features
\@mathmargin=\skip51

For additional information on amsmath, use the `?' option.
(/usr/local/texlive/2016/texmf-dist/tex/latex/amsmath/amstext.sty
Package: amstext 2000/06/29 v2.01 AMS text

(/usr/local/texlive/2016/texmf-dist/tex/latex/amsmath/amsgen.sty
File: amsgen.sty 1999/11/30 v2.0 generic functions
\@emptytoks=\toks32
\ex@=\dimen177
))
(/usr/local/texlive/2016/texmf-dist/tex/latex/amsmath/amsbsy.sty
Package: amsbsy 1999/11/29 v1.2d Bold Symbols
\pmbraise@=\dimen178
)
(/usr/local/texlive/2016/texmf-dist/tex/latex/amsmath/amsopn.sty
Package: amsopn 2016/03/08 v2.02 operator names
)
\inf@bad=\count140
LaTeX Info: Redefining \frac on input line 199.
\uproot@=\count141
\leftroot@=\count142
LaTeX Info: Redefining \overline on input line 297.
\classnum@=\count143
\DOTSCASE@=\count144
LaTeX Info: Redefining \ldots on input line 394.
LaTeX Info: Redefining \dots on input line 397.
LaTeX Info: Redefining \cdots on input line 518.
\Mathstrutbox@=\box51
\strutbox@=\box52
\big@size=\dimen179
LaTeX Font Info:    Redeclaring font encoding OML on input line 634.
LaTeX Font Info:    Redeclaring font encoding OMS on input line 635.
\macc@depth=\count145
\c@MaxMatrixCols=\count146
\dotsspace@=\muskip11
\c@parentequation=\count147
\dspbrk@lvl=\count148
\tag@help=\toks33
\row@=\count149
\column@=\count150
\maxfields@=\count151
\andhelp@=\toks34
\eqnshift@=\dimen180
\alignsep@=\dimen181
\tagshift@=\dimen182
\tagwidth@=\dimen183
\totwidth@=\dimen184
\lineht@=\dimen185
\@envbody=\toks35
\multlinegap=\skip52
\multlinetaggap=\skip53
\mathdisplay@stack=\toks36
LaTeX Info: Redefining \[ on input line 2739.
LaTeX Info: Redefining \] on input line 2740.
)
(/usr/local/texlive/2016/texmf-dist/tex/latex/amscls/amsthm.sty
Package: amsthm 2015/03/04 v2.20.2
\thm@style=\toks37
\thm@bodyfont=\toks38
\thm@headfont=\toks39
\thm@notefont=\toks40
\thm@headpunct=\toks41
\thm@preskip=\skip54
\thm@postskip=\skip55
\thm@headsep=\skip56
\dth@everypar=\toks42
)
\c@theorem=\count152
)
(/usr/local/texlive/2016/texmf-dist/tex/latex/beamer/beamerbasethemes.sty
Package: beamerbasethemes 2010/05/01  (rcs-revision efa082c6111d)
))
(/usr/local/texlive/2016/texmf-dist/tex/latex/beamer/themes/theme/beamerthemede
fault.sty
Package: beamerthemedefault 2010/06/17  (rcs-revision d02a7cf4d8ae)

(/usr/local/texlive/2016/texmf-dist/tex/latex/beamer/themes/font/beamerfontthem
edefault.sty
Package: beamerfontthemedefault 2012/12/19  (rcs-revision 1686da3db3c9)
)
(/usr/local/texlive/2016/texmf-dist/tex/latex/beamer/themes/color/beamercolorth
emedefault.sty
Package: beamercolorthemedefault 2012/12/19  (rcs-revision 1686da3db3c9)
)
(/usr/local/texlive/2016/texmf-dist/tex/latex/beamer/themes/inner/beamerinnerth
emedefault.sty
Package: beamerinnerthemedefault 2014/06/30  (rcs-revision 580088513a67)
\beamer@dima=\dimen186
\beamer@dimb=\dimen187
)
(/usr/local/texlive/2016/texmf-dist/tex/latex/beamer/themes/outer/beamerouterth
emedefault.sty
Package: beamerouterthemedefault 2012/12/19  (rcs-revision 1686da3db3c9)
)))
(/usr/local/texlive/2016/texmf-dist/tex/generic/babel/babel.sty
Package: babel 2016/04/23 3.9r The Babel package

(/usr/local/texlive/2016/texmf-dist/tex/generic/babel-english/english.ldf
Language: english 2012/08/20 v3.3p English support from the babel system

(/usr/local/texlive/2016/texmf-dist/tex/generic/babel/babel.def
File: babel.def 2016/04/23 3.9r Babel common definitions
\babel@savecnt=\count153
\U@D=\dimen188
LaTeX Info: Redefining \textlatin on input line 1448.
)
\l@canadian = a dialect from \language\l@american 
\l@australian = a dialect from \language\l@british 
\l@newzealand = a dialect from \language\l@british 
))
(/usr/local/texlive/2016/texmf-dist/tex/latex/psnfss/mathptmx.sty
Package: mathptmx 2005/04/12 PSNFSS-v9.2a Times w/ Math, improved (SPQR, WaS) 
LaTeX Font Info:    Redeclaring symbol font `operators' on input line 28.
LaTeX Font Info:    Overwriting symbol font `operators' in version `normal'
(Font)                  OT1/cmr/m/n --> OT1/ztmcm/m/n on input line 28.
LaTeX Font Info:    Overwriting symbol font `operators' in version `bold'
(Font)                  OT1/cmr/bx/n --> OT1/ztmcm/m/n on input line 28.
LaTeX Font Info:    Redeclaring symbol font `letters' on input line 29.
LaTeX Font Info:    Overwriting symbol font `letters' in version `normal'
(Font)                  OML/cmm/m/it --> OML/ztmcm/m/it on input line 29.
LaTeX Font Info:    Overwriting symbol font `letters' in version `bold'
(Font)                  OML/cmm/b/it --> OML/ztmcm/m/it on input line 29.
LaTeX Font Info:    Redeclaring symbol font `symbols' on input line 30.
LaTeX Font Info:    Overwriting symbol font `symbols' in version `normal'
(Font)                  OMS/cmsy/m/n --> OMS/ztmcm/m/n on input line 30.
LaTeX Font Info:    Overwriting symbol font `symbols' in version `bold'
(Font)                  OMS/cmsy/b/n --> OMS/ztmcm/m/n on input line 30.
LaTeX Font Info:    Redeclaring symbol font `largesymbols' on input line 31.
LaTeX Font Info:    Overwriting symbol font `largesymbols' in version `normal'
(Font)                  OMX/cmex/m/n --> OMX/ztmcm/m/n on input line 31.
LaTeX Font Info:    Overwriting symbol font `largesymbols' in version `bold'
(Font)                  OMX/cmex/m/n --> OMX/ztmcm/m/n on input line 31.
\symbold=\mathgroup6
\symitalic=\mathgroup7
LaTeX Font Info:    Redeclaring math alphabet \mathbf on input line 34.
LaTeX Font Info:    Overwriting math alphabet `\mathbf' in version `normal'
(Font)                  OT1/cmr/bx/n --> OT1/ptm/bx/n on input line 34.
LaTeX Font Info:    Overwriting math alphabet `\mathbf' in version `bold'
(Font)                  OT1/cmr/bx/n --> OT1/ptm/bx/n on input line 34.
LaTeX Font Info:    Redeclaring math alphabet \mathit on input line 35.
LaTeX Font Info:    Overwriting math alphabet `\mathit' in version `normal'
(Font)                  OT1/cmr/m/it --> OT1/ptm/m/it on input line 35.
LaTeX Font Info:    Overwriting math alphabet `\mathit' in version `bold'
(Font)                  OT1/cmr/bx/it --> OT1/ptm/m/it on input line 35.
LaTeX Info: Redefining \hbar on input line 50.
)
(/usr/local/texlive/2016/texmf-dist/tex/latex/base/fontenc.sty
Package: fontenc 2005/09/27 v1.99g Standard LaTeX package

(/usr/local/texlive/2016/texmf-dist/tex/latex/base/t1enc.def
File: t1enc.def 2005/09/27 v1.99g Standard LaTeX file
LaTeX Font Info:    Redeclaring font encoding T1 on input line 48.
))
(/usr/local/texlive/2016/texmf-dist/tex/latex/base/inputenc.sty
Package: inputenc 2015/03/17 v1.2c Input encoding file
\inpenc@prehook=\toks43
\inpenc@posthook=\toks44

(/usr/local/texlive/2016/texmf-dist/tex/latex/base/latin9.def
File: latin9.def 2015/03/17 v1.2c Input encoding file
))
(/usr/local/texlive/2016/texmf-dist/tex/latex/beamer/themes/theme/beamerthemeMa
lmoe.sty
Package: beamerthemeMalmoe 2010/06/17  (rcs-revision d02a7cf4d8ae)

(/usr/local/texlive/2016/texmf-dist/tex/latex/beamer/themes/outer/beamerouterth
emesplit.sty
Package: beamerouterthemesplit 2012/10/16  (rcs-revision 51a8c72084af)
)
(/usr/local/texlive/2016/texmf-dist/tex/latex/beamer/themes/color/beamercolorth
emewhale.sty
Package: beamercolorthemewhale 2010/06/17  (rcs-revision d02a7cf4d8ae)
))
(/usr/local/texlive/2016/texmf-dist/tex/latex/beamer/themes/outer/beamerouterth
ememiniframes.sty
Package: beamerouterthememiniframes 2010/06/17  (rcs-revision d02a7cf4d8ae)
)
(/usr/local/texlive/2016/texmf-dist/tex/latex/beamer/themes/inner/beamerinnerth
emecircles.sty
Package: beamerinnerthemecircles 2010/06/17  (rcs-revision d02a7cf4d8ae)
) (./intro.aux)
\openout1 = `intro.aux'.

LaTeX Font Info:    Checking defaults for OML/cmm/m/it on input line 88.
LaTeX Font Info:    ... okay on input line 88.
LaTeX Font Info:    Checking defaults for T1/cmr/m/n on input line 88.
LaTeX Font Info:    ... okay on input line 88.
LaTeX Font Info:    Checking defaults for OT1/cmr/m/n on input line 88.
LaTeX Font Info:    ... okay on input line 88.
LaTeX Font Info:    Checking defaults for OMS/cmsy/m/n on input line 88.
LaTeX Font Info:    ... okay on input line 88.
LaTeX Font Info:    Checking defaults for OMX/cmex/m/n on input line 88.
LaTeX Font Info:    ... okay on input line 88.
LaTeX Font Info:    Checking defaults for U/cmr/m/n on input line 88.
LaTeX Font Info:    ... okay on input line 88.
LaTeX Font Info:    Checking defaults for PD1/pdf/m/n on input line 88.
LaTeX Font Info:    ... okay on input line 88.

*geometry* driver: auto-detecting
*geometry* detected driver: pdftex
*geometry* verbose mode - [ preamble ] result:
* driver: pdftex
* paper: custom
* layout: <same size as paper>
* layoutoffset:(h,v)=(0.0pt,0.0pt)
* modes: includehead includefoot 
* h-part:(L,W,R)=(17.07164pt, 330.05208pt, 17.07164pt)
* v-part:(T,H,B)=(0.0pt, 273.14662pt, 0.0pt)
* \paperwidth=364.19536pt
* \paperheight=273.14662pt
* \textwidth=330.05208pt
* \textheight=244.6939pt
* \oddsidemargin=-55.19835pt
* \evensidemargin=-55.19835pt
* \topmargin=-72.26999pt
* \headheight=14.22636pt
* \headsep=0.0pt
* \topskip=11.0pt
* \footskip=14.22636pt
* \marginparwidth=4.0pt
* \marginparsep=10.0pt
* \columnsep=10.0pt
* \skip\footins=10.0pt plus 4.0pt minus 2.0pt
* \hoffset=0.0pt
* \voffset=0.0pt
* \mag=1000
* \@twocolumnfalse
* \@twosidefalse
* \@mparswitchfalse
* \@reversemarginfalse
* (1in=72.27pt=25.4mm, 1cm=28.453pt)

(/usr/local/texlive/2016/texmf-dist/tex/context/base/mkii/supp-pdf.mkii
[Loading MPS to PDF converter (version 2006.09.02).]
\scratchcounter=\count154
\scratchdimen=\dimen189
\scratchbox=\box53
\nofMPsegments=\count155
\nofMParguments=\count156
\everyMPshowfont=\toks45
\MPscratchCnt=\count157
\MPscratchDim=\dimen190
\MPnumerator=\count158
\makeMPintoPDFobject=\count159
\everyMPtoPDFconversion=\toks46
) (/usr/local/texlive/2016/texmf-dist/tex/latex/oberdiek/epstopdf-base.sty
Package: epstopdf-base 2016/05/15 v2.6 Base part for package epstopdf

(/usr/local/texlive/2016/texmf-dist/tex/latex/oberdiek/grfext.sty
Package: grfext 2016/05/16 v1.2 Manage graphics extensions (HO)
)
Package grfext Info: Graphics extension search list:
(grfext)             [.png,.pdf,.jpg,.mps,.jpeg,.jbig2,.jb2,.PNG,.PDF,.JPG,.JPE
G,.JBIG2,.JB2,.eps]
(grfext)             \AppendGraphicsExtensions on input line 456.

(/usr/local/texlive/2016/texmf-dist/tex/latex/latexconfig/epstopdf-sys.cfg
File: epstopdf-sys.cfg 2010/07/13 v1.3 Configuration of (r)epstopdf for TeX Liv
e
))
ABD: EveryShipout initializing macros
\AtBeginShipoutBox=\box54
Package hyperref Info: Link coloring OFF on input line 88.

(/usr/local/texlive/2016/texmf-dist/tex/latex/hyperref/nameref.sty
Package: nameref 2012/10/27 v2.43 Cross-referencing by name of section

(/usr/local/texlive/2016/texmf-dist/tex/generic/oberdiek/gettitlestring.sty
Package: gettitlestring 2016/05/16 v1.5 Cleanup title references (HO)
)
\c@section@level=\count160
)
LaTeX Info: Redefining \ref on input line 88.
LaTeX Info: Redefining \pageref on input line 88.
LaTeX Info: Redefining \nameref on input line 88.

(./intro.out) (./intro.out)
\@outlinefile=\write5
\openout5 = `intro.out'.

LaTeX Font Info:    Overwriting symbol font `operators' in version `normal'
(Font)                  OT1/ztmcm/m/n --> OT1/cmss/m/n on input line 88.
LaTeX Font Info:    Overwriting symbol font `operators' in version `bold'
(Font)                  OT1/ztmcm/m/n --> OT1/cmss/bx/n on input line 88.
\symnumbers=\mathgroup8
\sympureletters=\mathgroup9
LaTeX Font Info:    Overwriting math alphabet `\mathrm' in version `normal'
(Font)                  OT1/cmss/m/n --> T1/ptm/m/n on input line 88.
LaTeX Font Info:    Redeclaring math alphabet \mathbf on input line 88.
LaTeX Font Info:    Overwriting math alphabet `\mathbf' in version `normal'
(Font)                  OT1/ptm/bx/n --> T1/cmss/bx/n on input line 88.
LaTeX Font Info:    Overwriting math alphabet `\mathbf' in version `bold'
(Font)                  OT1/ptm/bx/n --> T1/cmss/bx/n on input line 88.
LaTeX Font Info:    Redeclaring math alphabet \mathsf on input line 88.
LaTeX Font Info:    Overwriting math alphabet `\mathsf' in version `normal'
(Font)                  OT1/cmss/m/n --> T1/cmss/m/n on input line 88.
LaTeX Font Info:    Overwriting math alphabet `\mathsf' in version `bold'
(Font)                  OT1/cmss/bx/n --> T1/cmss/m/n on input line 88.
LaTeX Font Info:    Redeclaring math alphabet \mathit on input line 88.
LaTeX Font Info:    Overwriting math alphabet `\mathit' in version `normal'
(Font)                  OT1/ptm/m/it --> T1/cmss/m/it on input line 88.
LaTeX Font Info:    Overwriting math alphabet `\mathit' in version `bold'
(Font)                  OT1/ptm/m/it --> T1/cmss/m/it on input line 88.
LaTeX Font Info:    Redeclaring math alphabet \mathtt on input line 88.
LaTeX Font Info:    Overwriting math alphabet `\mathtt' in version `normal'
(Font)                  OT1/cmtt/m/n --> T1/cmtt/m/n on input line 88.
LaTeX Font Info:    Overwriting math alphabet `\mathtt' in version `bold'
(Font)                  OT1/cmtt/m/n --> T1/cmtt/m/n on input line 88.
LaTeX Font Info:    Overwriting symbol font `numbers' in version `bold'
(Font)                  T1/cmss/m/n --> T1/cmss/bx/n on input line 88.
LaTeX Font Info:    Overwriting symbol font `pureletters' in version `bold'
(Font)                  T1/cmss/m/it --> T1/cmss/bx/it on input line 88.
LaTeX Font Info:    Overwriting math alphabet `\mathrm' in version `bold'
(Font)                  OT1/cmss/bx/n --> T1/ptm/bx/n on input line 88.
LaTeX Font Info:    Overwriting math alphabet `\mathbf' in version `bold'
(Font)                  T1/cmss/bx/n --> T1/cmss/bx/n on input line 88.
LaTeX Font Info:    Overwriting math alphabet `\mathsf' in version `bold'
(Font)                  T1/cmss/m/n --> T1/cmss/bx/n on input line 88.
LaTeX Font Info:    Overwriting math alphabet `\mathit' in version `bold'
(Font)                  T1/cmss/m/it --> T1/cmss/bx/it on input line 88.
LaTeX Font Info:    Overwriting math alphabet `\mathtt' in version `bold'
(Font)                  T1/cmtt/m/n --> T1/cmtt/bx/n on input line 88.
LaTeX Font Info:    Redeclaring symbol font `pureletters' on input line 88.
LaTeX Font Info:    Encoding `T1' has changed to `OT1' for symbol font
(Font)              `pureletters' in the math version `normal' on input line 88
.
LaTeX Font Info:    Overwriting symbol font `pureletters' in version `normal'
(Font)                  T1/cmss/m/it --> OT1/mathkerncmss/m/sl on input line 88
.
LaTeX Font Info:    Encoding `T1' has changed to `OT1' for symbol font
(Font)              `pureletters' in the math version `bold' on input line 88.
LaTeX Font Info:    Overwriting symbol font `pureletters' in version `bold'
(Font)                  T1/cmss/bx/it --> OT1/mathkerncmss/m/sl on input line 8
8.
LaTeX Font Info:    Overwriting symbol font `pureletters' in version `bold'
(Font)                  OT1/mathkerncmss/m/sl --> OT1/mathkerncmss/bx/sl on inp
ut line 88.

(/usr/local/texlive/2016/texmf-dist/tex/latex/beamer/translator/dicts/translato
r-basic-dictionary/translator-basic-dictionary-English.dict
Dictionary: translator-basic-dictionary, Language: English 
)
(/usr/local/texlive/2016/texmf-dist/tex/latex/beamer/translator/dicts/translato
r-bibliography-dictionary/translator-bibliography-dictionary-English.dict
Dictionary: translator-bibliography-dictionary, Language: English 
)
(/usr/local/texlive/2016/texmf-dist/tex/latex/beamer/translator/dicts/translato
r-environment-dictionary/translator-environment-dictionary-English.dict
Dictionary: translator-environment-dictionary, Language: English 
)
(/usr/local/texlive/2016/texmf-dist/tex/latex/beamer/translator/dicts/translato
r-months-dictionary/translator-months-dictionary-English.dict
Dictionary: translator-months-dictionary, Language: English 
)
(/usr/local/texlive/2016/texmf-dist/tex/latex/beamer/translator/dicts/translato
r-numbers-dictionary/translator-numbers-dictionary-English.dict
Dictionary: translator-numbers-dictionary, Language: English 
)
(/usr/local/texlive/2016/texmf-dist/tex/latex/beamer/translator/dicts/translato
r-theorem-dictionary/translator-theorem-dictionary-English.dict
Dictionary: translator-theorem-dictionary, Language: English 
)
LaTeX Info: Redefining \includegraphics on input line 88.
 (./intro.nav)

Package hyperref Warning: Option `pdfauthor' has already been used,
(hyperref)                setting the option has no effect on input line 92.

LaTeX Font Info:    Try loading font information for OML+ztmcm on input line 10
0.
(/usr/local/texlive/2016/texmf-dist/tex/latex/psnfss/omlztmcm.fd
File: omlztmcm.fd 2000/01/03 Fontinst v1.801 font definitions for OML/ztmcm.
)
LaTeX Font Info:    Try loading font information for OMS+ztmcm on input line 10
0.

(/usr/local/texlive/2016/texmf-dist/tex/latex/psnfss/omsztmcm.fd
File: omsztmcm.fd 2000/01/03 Fontinst v1.801 font definitions for OMS/ztmcm.
)
LaTeX Font Info:    Try loading font information for OMX+ztmcm on input line 10
0.

(/usr/local/texlive/2016/texmf-dist/tex/latex/psnfss/omxztmcm.fd
File: omxztmcm.fd 2000/01/03 Fontinst v1.801 font definitions for OMX/ztmcm.
)
LaTeX Font Info:    Try loading font information for OT1+ptm on input line 100.


(/usr/local/texlive/2016/texmf-dist/tex/latex/psnfss/ot1ptm.fd
File: ot1ptm.fd 2001/06/04 font definitions for OT1/ptm.
)
LaTeX Font Info:    Font shape `OT1/ptm/bx/n' in size <8> not available
(Font)              Font shape `OT1/ptm/b/n' tried instead on input line 100.
LaTeX Font Info:    Font shape `OT1/ptm/bx/n' in size <6> not available
(Font)              Font shape `OT1/ptm/b/n' tried instead on input line 100.
LaTeX Font Info:    Font shape `OT1/ptm/bx/n' in size <5> not available
(Font)              Font shape `OT1/ptm/b/n' tried instead on input line 100.
LaTeX Font Info:    Try loading font information for OT1+mathkerncmss on input 
line 100.

(/usr/local/texlive/2016/texmf-dist/tex/latex/sansmathaccent/ot1mathkerncmss.fd
File: ot1mathkerncmss.fd 2013/03/27 Fontinst v1.933 font definitions for OT1/ma
thkerncmss.
)

LaTeX Font Warning: Font shape `T1/cmss/m/n' in size <4> not available
(Font)              size <5> substituted on input line 100.


Overfull \hbox (182.9353pt too wide) has occurred while \output is active
 [][]  
 []

[1{/usr/local/texlive/2016/texmf-var/fonts/map/pdftex/updmap/pdftex.map}

]
<f2/bme.jpg, id=299, 505.89pt x 280.04625pt>
File: f2/bme.jpg Graphic file (type jpg)
 <use f2/bme.jpg>
Package pdftex.def Info: f2/bme.jpg used on input line 118.
(pdftex.def)             Requested size: 330.30669pt x 182.843pt.

Overfull \hbox (0.25461pt too wide) in paragraph at lines 118--118
[][]  
 []

LaTeX Font Info:    Try loading font information for T1+cmtt on input line 118.

(/usr/local/texlive/2016/texmf-dist/tex/latex/base/t1cmtt.fd
File: t1cmtt.fd 2014/09/29 v2.5h Standard LaTeX font definitions
)
Overfull \vbox (1.81215pt too high) detected at line 118
 []


Overfull \hbox (182.9353pt too wide) has occurred while \output is active
 [][]  
 []

[2

 <./f2/bme.jpg>] (./intro.toc)
Overfull \hbox (182.9353pt too wide) has occurred while \output is active
 [][]  
 []

[3

]
LaTeX Font Info:    Try loading font information for OMS+cmss on input line 143
.
LaTeX Font Info:    No file OMScmss.fd. on input line 143.


LaTeX Font Warning: Font shape `OMS/cmss/m/n' undefined
(Font)              using `OMS/cmsy/m/n' instead
(Font)              for symbol `textbullet' on input line 143.


Overfull \hbox (182.9353pt too wide) has occurred while \output is active
 [][]  
 []

[4

] <f1/bloom.jpg, id=580, 572.1375pt x 322.20375pt>
File: f1/bloom.jpg Graphic file (type jpg)
 <use f1/bloom.jpg>
Package pdftex.def Info: f1/bloom.jpg used on input line 149.
(pdftex.def)             Requested size: 307.99806pt x 173.44756pt.

Overfull \hbox (182.9353pt too wide) has occurred while \output is active
 [][]  
 []

[5

 <./f1/bloom.jpg>]
LaTeX Font Info:    Font shape `OT1/ptm/bx/n' in size <10> not available
(Font)              Font shape `OT1/ptm/b/n' tried instead on input line 163.
LaTeX Font Info:    Font shape `OT1/ptm/bx/n' in size <7.4> not available
(Font)              Font shape `OT1/ptm/b/n' tried instead on input line 163.

Overfull \hbox (182.9353pt too wide) has occurred while \output is active
 [][]  
 []

[6

]
Overfull \hbox (182.9353pt too wide) has occurred while \output is active
 [][]  
 []

[7

] <f1/diffmm.png, id=863, 996.72375pt x 527.9725pt>
File: f1/diffmm.png Graphic file (type png)
 <use f1/diffmm.png>
Package pdftex.def Info: f1/diffmm.png used on input line 182.
(pdftex.def)             Requested size: 327.4294pt x 173.44756pt.

Overfull \hbox (182.9353pt too wide) has occurred while \output is active
 [][]  
 []

[8

 <./f1/diffmm.png>]
Overfull \hbox (182.9353pt too wide) has occurred while \output is active
 [][]  
 []

[9

]
LaTeX Font Info:    Font shape `OT1/ptm/bx/n' in size <10.95> not available
(Font)              Font shape `OT1/ptm/b/n' tried instead on input line 218.

Overfull \hbox (182.9353pt too wide) has occurred while \output is active
 [][]  
 []

[10

]
LaTeX Font Info:    Font shape `OT1/ptm/bx/n' in size <9> not available
(Font)              Font shape `OT1/ptm/b/n' tried instead on input line 249.
LaTeX Font Info:    Font shape `OT1/ptm/bx/n' in size <7> not available
(Font)              Font shape `OT1/ptm/b/n' tried instead on input line 249.

Overfull \hbox (182.9353pt too wide) has occurred while \output is active
 [][]  
 []

[11

]
Overfull \hbox (182.9353pt too wide) has occurred while \output is active
 [][]  
 []

[12

]
Overfull \hbox (182.9353pt too wide) has occurred while \output is active
 [][]  
 []

[13

]
Overfull \hbox (182.9353pt too wide) has occurred while \output is active
 [][]  
 []

[14

] (./intro.toc)
Overfull \hbox (182.9353pt too wide) has occurred while \output is active
 [][]  
 []

[15

] <f2/fomc1.png, id=1628, 471.7625pt x 340.27126pt>
File: f2/fomc1.png Graphic file (type png)
 <use f2/fomc1.png>
Package pdftex.def Info: f2/fomc1.png used on input line 325.
(pdftex.def)             Requested size: 150.2976pt x 108.405pt.

<f2/fomc2.png, id=1629, 468.75125pt x 303.1325pt>
File: f2/fomc2.png Graphic file (type png)
 <use f2/fomc2.png>
Package pdftex.def Info: f2/fomc2.png used on input line 325.
(pdftex.def)             Requested size: 156.45506pt x 101.17755pt.

Overfull \hbox (182.9353pt too wide) has occurred while \output is active
 [][]  
 []

[16

 <./f2/fomc1.png> <./f2/fomc2.png>]
<f2/fo1.png, id=1725, 469.755pt x 341.275pt>
File: f2/fo1.png Graphic file (type png)
 <use f2/fo1.png>
Package pdftex.def Info: f2/fo1.png used on input line 336.
(pdftex.def)             Requested size: 139.26463pt x 101.17755pt.

<f2/fo3.png, id=1726, 471.7625pt x 341.275pt>
File: f2/fo3.png Graphic file (type png)
 <use f2/fo3.png>
Package pdftex.def Info: f2/fo3.png used on input line 336.
(pdftex.def)             Requested size: 139.85979pt x 101.17755pt.

<f2/fo2.png, id=1727, 470.75874pt x 341.275pt>
File: f2/fo2.png Graphic file (type png)
 <use f2/fo2.png>
Package pdftex.def Info: f2/fo2.png used on input line 336.
(pdftex.def)             Requested size: 139.56221pt x 101.17755pt.

<f2/fo4.png, id=1728, 471.7625pt x 343.2825pt>
File: f2/fo4.png Graphic file (type png)
 <use f2/fo4.png>
Package pdftex.def Info: f2/fo4.png used on input line 336.
(pdftex.def)             Requested size: 139.03915pt x 101.17755pt.

Overfull \hbox (182.9353pt too wide) has occurred while \output is active
 [][]  
 []

[17

 <./f2/fo1.png> <./f2/fo3.png> <./f2/fo2.png> <./f2/fo4.png>]
<f2/fomc3.png, id=1824, 975.645pt x 597.23125pt>
File: f2/fomc3.png Graphic file (type png)
 <use f2/fomc3.png>
Package pdftex.def Info: f2/fomc3.png used on input line 341.
(pdftex.def)             Requested size: 324.6733pt x 198.7425pt.

Overfull \hbox (182.9353pt too wide) has occurred while \output is active
 [][]  
 []

[18

 <./f2/fomc3.png>] <f2/f1.png, id=1918, 651.43375pt x 688.5725pt>
File: f2/f1.png Graphic file (type png)

<use f2/f1.png>
Package pdftex.def Info: f2/f1.png used on input line 351.
(pdftex.def)             Requested size: 170.92937pt x 180.67499pt.

Overfull \hbox (5.90334pt too wide) in paragraph at lines 351--351
[][]  
 []

<f2/f2.png, id=1919, 666.49pt x 659.46375pt>
File: f2/f2.png Graphic file (type png)
 <use f2/f2.png>
Package pdftex.def Info: f2/f2.png used on input line 351.
(pdftex.def)             Requested size: 175.29694pt x 173.44756pt.

Overfull \hbox (10.2709pt too wide) in paragraph at lines 351--351
[][]  
 []


Overfull \hbox (182.9353pt too wide) has occurred while \output is active
 [][]  
 []

[19

 <./f2/f1.png> <./f2/f2.png>] <f2/cbf.png, id=2014, 823.075pt x 421.575pt>
File: f2/cbf.png Graphic file (type png)

<use f2/cbf.png>
Package pdftex.def Info: f2/cbf.png used on input line 356.
(pdftex.def)             Requested size: 324.52705pt x 166.2212pt.

Overfull \hbox (182.9353pt too wide) has occurred while \output is active
 [][]  
 []

[20

 <./f2/cbf.png>] <f2/bea.png, id=2108, 1232.605pt x 746.79pt>
File: f2/bea.png Graphic file (type png)

<use f2/bea.png>
Package pdftex.def Info: f2/bea.png used on input line 362.
(pdftex.def)             Requested size: 328.03056pt x 198.7425pt.

Overfull \hbox (182.9353pt too wide) has occurred while \output is active
 [][]  
 []

[21

 <./f2/bea.png>] <f2/bls.png, id=2202, 986.68625pt x 637.38126pt>
File: f2/bls.png Graphic file (type png)

<use f2/bls.png>
Package pdftex.def Info: f2/bls.png used on input line 367.
(pdftex.def)             Requested size: 307.6612pt x 198.7425pt.

Overfull \hbox (182.9353pt too wide) has occurred while \output is active
 [][]  
 []

[22

 <./f2/bls.png>] <f2/eicb.png, id=2296, 1184.425pt x 766.865pt>
File: f2/eicb.png Graphic file (type png)

<use f2/eicb.png>
Package pdftex.def Info: f2/eicb.png used on input line 371.
(pdftex.def)             Requested size: 301.36472pt x 195.12877pt.

Overfull \hbox (182.9353pt too wide) has occurred while \output is active
 [][]  
 []

[23

 <./f2/eicb.png>] <f2/gfd.png, id=2390, 905.3825pt x 672.5125pt>
File: f2/gfd.png Graphic file (type png)

<use f2/gfd.png>
Package pdftex.def Info: f2/gfd.png used on input line 376.
(pdftex.def)             Requested size: 262.69235pt x 195.12877pt.

Overfull \hbox (182.9353pt too wide) has occurred while \output is active
 [][]  
 []

[24

 <./f2/gfd.png>] <f2/ei.png, id=2484, 1168.365pt x 690.58pt>
File: f2/ei.png Graphic file (type png)

<use f2/ei.png>
Package pdftex.def Info: f2/ei.png used on input line 380.
(pdftex.def)             Requested size: 330.1172pt x 195.12877pt.

Overfull \hbox (182.9353pt too wide) has occurred while \output is active
 [][]  
 []

[25

 <./f2/ei.png>] <f2/covid.png, id=2579, 1165.35374pt x 743.77875pt>
File: f2/covid.png Graphic file (type png)

<use f2/covid.png>
Package pdftex.def Info: f2/covid.png used on input line 384.
(pdftex.def)             Requested size: 317.05026pt x 202.35622pt.

Overfull \vbox (1.48537pt too high) detected at line 384
 []


Overfull \hbox (182.9353pt too wide) has occurred while \output is active
 [][]  
 []

[26

 <./f2/covid.png>] <f2/eius.png, id=2672, 713.66624pt x 804.00375pt>
File: f2/eius.png Graphic file (type png)

<use f2/eius.png>
Package pdftex.def Info: f2/eius.png used on input line 395.
(pdftex.def)             Requested size: 173.19997pt x 195.12877pt.

Overfull \hbox (182.9353pt too wide) has occurred while \output is active
 [][]  
 []

[27

 <./f2/eius.png>]
Overfull \hbox (182.9353pt too wide) has occurred while \output is active
 [][]  
 []

[28

]
Overfull \hbox (182.9353pt too wide) has occurred while \output is active
 [][]  
 []

[29

] (./intro.toc)
Overfull \hbox (182.9353pt too wide) has occurred while \output is active
 [][]  
 []

[30

]
Overfull \hbox (182.9353pt too wide) has occurred while \output is active
 [][]  
 []

[31

]
Overfull \hbox (182.9353pt too wide) has occurred while \output is active
 [][]  
 []

[32

]
Overfull \hbox (182.9353pt too wide) has occurred while \output is active
 [][]  
 []

[33

]
Overfull \hbox (182.9353pt too wide) has occurred while \output is active
 [][]  
 []

[34

]
Overfull \vbox (2.3595pt too high) detected at line 491
 []


Overfull \hbox (182.9353pt too wide) has occurred while \output is active
 [][]  
 []

[35

]
Overfull \vbox (6.3595pt too high) detected at line 500
 []


Overfull \hbox (182.9353pt too wide) has occurred while \output is active
 [][]  
 []

[36

] <f1/pyms.png, id=3599, 969.6225pt x 485.815pt>
File: f1/pyms.png Graphic file (type png)
 <use f1/pyms.png>
Package pdftex.def Info: f1/pyms.png used on input line 504.
(pdftex.def)             Requested size: 331.75342pt x 166.2212pt.

Overfull \hbox (1.70134pt too wide) in paragraph at lines 504--504
[][]  
 []


Overfull \hbox (182.9353pt too wide) has occurred while \output is active
 [][]  
 []

[37

 <./f1/pyms.png>] <f1/mvs.png, id=3692, 969.6225pt x 482.80376pt>
File: f1/mvs.png Graphic file (type png)

<use f1/mvs.png>
Package pdftex.def Info: f1/mvs.png used on input line 508.
(pdftex.def)             Requested size: 333.82475pt x 166.2212pt.

Overfull \hbox (3.77267pt too wide) in paragraph at lines 508--508
[][]  
 []


Overfull \hbox (182.9353pt too wide) has occurred while \output is active
 [][]  
 []

[38

 <./f1/mvs.png>]
Overfull \hbox (182.9353pt too wide) has occurred while \output is active
 [][]  
 []

[39

]
Overfull \hbox (182.9353pt too wide) has occurred while \output is active
 [][]  
 []

[40

]
Overfull \hbox (182.9353pt too wide) has occurred while \output is active
 [][]  
 []

[41

]
Overfull \hbox (182.9353pt too wide) has occurred while \output is active
 [][]  
 []

[42

]
Overfull \vbox (2.3595pt too high) detected at line 569
 []


Overfull \hbox (182.9353pt too wide) has occurred while \output is active
 [][]  
 []

[43

]
Overfull \vbox (2.3595pt too high) detected at line 580
 []


Overfull \hbox (182.9353pt too wide) has occurred while \output is active
 [][]  
 []

[44

] (./intro.toc)
Overfull \hbox (182.9353pt too wide) has occurred while \output is active
 [][]  
 []

[45

]
Overfull \hbox (182.9353pt too wide) has occurred while \output is active
 [][]  
 []

[46

] <f4/sm.png, id=4509, 296.307pt x 281.3712pt>
File: f4/sm.png Graphic file (type png)
 <use f4/sm.png>
Package pdftex.def Info: f4/sm.png used on input line 608.
(pdftex.def)             Requested size: 152.21776pt x 144.54pt.

Overfull \hbox (182.9353pt too wide) has occurred while \output is active
 [][]  
 []

[47

 <./f4/sm.png>]
Overfull \hbox (182.9353pt too wide) has occurred while \output is active
 [][]  
 []

[48

]
Overfull \hbox (182.9353pt too wide) has occurred while \output is active
 [][]  
 []

[49

]
Overfull \hbox (182.9353pt too wide) has occurred while \output is active
 [][]  
 []

[50

]
Overfull \hbox (182.9353pt too wide) has occurred while \output is active
 [][]  
 []

[51

] <f4/wed.png, id=4964, 3703.8375pt x 2451.1575pt>
File: f4/wed.png Graphic file (type png)
 <use f4/wed.png>
Package pdftex.def Info: f4/wed.png used on input line 671.
(pdftex.def)             Requested size: 327.56638pt x 216.81pt.

Overfull \hbox (182.9353pt too wide) has occurred while \output is active
 [][]  
 []

[52

 <./f4/wed.png (PNG copy)>]
Overfull \hbox (182.9353pt too wide) has occurred while \output is active
 [][]  
 []

[53

] <f4/sa3.png, id=5147, 767.86874pt x 421.575pt>
File: f4/sa3.png Graphic file (type png)
 <use f4/sa3.png>
Package pdftex.def Info: f4/sa3.png used on input line 696.
(pdftex.def)             Requested size: 167.17413pt x 91.7832pt.

Overfull \hbox (5.44681pt too wide) in paragraph at lines 696--696
[][]  
 []

<f4/sa4.png, id=5148, 768.8725pt x 418.56375pt>
File: f4/sa4.png Graphic file (type png)
 <use f4/sa4.png>
Package pdftex.def Info: f4/sa4.png used on input line 696.
(pdftex.def)             Requested size: 168.58932pt x 91.7832pt.

Overfull \hbox (182.9353pt too wide) has occurred while \output is active
 [][]  
 []

[54

 <./f4/sa3.png> <./f4/sa4.png>]
<f4/sa1.png, id=5243, 739.76375pt x 429.605pt>
File: f4/sa1.png Graphic file (type png)
 <use f4/sa1.png>
Package pdftex.def Info: f4/sa1.png used on input line 717.
(pdftex.def)             Requested size: 164.2611pt x 95.39693pt.

<f4/sa2.png, id=5244, 736.7525pt x 429.605pt>
File: f4/sa2.png Graphic file (type png)
 <use f4/sa2.png>
Package pdftex.def Info: f4/sa2.png used on input line 717.
(pdftex.def)             Requested size: 163.59247pt x 95.39693pt.

Overfull \hbox (182.9353pt too wide) has occurred while \output is active
 [][]  
 []

[55

 <./f4/sa1.png> <./f4/sa2.png>]
Overfull \hbox (182.9353pt too wide) has occurred while \output is active
 [][]  
 []

[56

] <f4/cfd.png, id=5437, 510.708pt x 337.26pt>
File: f4/cfd.png Graphic file (type png)
 <use f4/cfd.png>
Package pdftex.def Info: f4/cfd.png used on input line 735.
(pdftex.def)             Requested size: 251.70634pt x 166.2212pt.

Overfull \hbox (182.9353pt too wide) has occurred while \output is active
 [][]  
 []

[57

 <./f4/cfd.png>] <f4/ppf.png, id=5528, 668.4975pt x 386.44376pt>
File: f4/ppf.png Graphic file (type png)

<use f4/ppf.png>
Package pdftex.def Info: f4/ppf.png used on input line 739.
(pdftex.def)             Requested size: 287.54012pt x 166.2212pt.


./intro.tex:739: Package inputenc Error: Keyboard character used is undefined
(inputenc)                in inputencoding `latin9'.

See the inputenc package documentation for explanation.
Type  H <return>  for immediate help.
 ...                                              
                                                  
l.739 ...nomic efficiency and growth. \lyxframeend
                                                  {}
? 

Overfull \hbox (182.9353pt too wide) has occurred while \output is active
 [][]  
 []

[58

 <./f4/ppf.png>] <f4/um.png, id=5621, 382.5492pt x 289.08pt>
File: f4/um.png Graphic file (type png)

<use f4/um.png>
Package pdftex.def Info: f4/um.png used on input line 753.
(pdftex.def)             Requested size: 133.88838pt x 101.17755pt.
 <f4/cm.png, id=5622, 458.6736pt x 289.08pt>
File: f4/cm.png Graphic file (type png)
 <use f4/cm.png>
Package pdftex.def Info: f4/cm.png used on input line 753.
(pdftex.def)             Requested size: 166.26317pt x 104.79128pt.

Overfull \hbox (1.23714pt too wide) in paragraph at lines 753--753
[][]  
 []


Overfull \hbox (182.9353pt too wide) has occurred while \output is active
 [][]  
 []

[59

 <./f4/um.png> <./f4/cm.png>]
<f4/dsm.png, id=5716, 663.47874pt x 555.07375pt>
File: f4/dsm.png Graphic file (type png)
 <use f4/dsm.png>
Package pdftex.def Info: f4/dsm.png used on input line 771.
(pdftex.def)             Requested size: 172.76361pt x 144.54pt.

Overfull \hbox (7.73758pt too wide) in paragraph at lines 771--771
[][]  
 []


Overfull \vbox (1.88576pt too high) detected at line 771
 []


Overfull \hbox (182.9353pt too wide) has occurred while \output is active
 [][]  
 []

[60

 <./f4/dsm.png>] <f4/pvn.png, id=5809, 645.1302pt x 483.2454pt>
File: f4/pvn.png Graphic file (type png)

<use f4/pvn.png>
Package pdftex.def Info: f4/pvn.png used on input line 776.
(pdftex.def)             Requested size: 241.20462pt x 180.67499pt.

Overfull \hbox (182.9353pt too wide) has occurred while \output is active
 [][]  
 []

[61

 <./f4/pvn.png>]
Overfull \hbox (182.9353pt too wide) has occurred while \output is active
 [][]  
 []

[62

]
Overfull \hbox (182.9353pt too wide) has occurred while \output is active
 [][]  
 []

[63

] (./intro.toc)
Overfull \hbox (182.9353pt too wide) has occurred while \output is active
 [][]  
 []

[64

]
Overfull \hbox (182.9353pt too wide) has occurred while \output is active
 [][]  
 []

[65

]
Overfull \vbox (4.91492pt too high) detected at line 817
 []


Overfull \hbox (182.9353pt too wide) has occurred while \output is active
 [][]  
 []

[66

] <f1/het1.png, id=6359, 1123.19624pt x 740.7675pt>
File: f1/het1.png Graphic file (type png)
 <use f1/het1.png>
Package pdftex.def Info: f1/het1.png used on input line 821.
(pdftex.def)             Requested size: 328.73495pt x 216.81pt.

Overfull \hbox (182.9353pt too wide) has occurred while \output is active
 [][]  
 []

[67

 <./f1/het1.png>] <f1/het2.png, id=6453, 1086.0575pt x 674.52pt>
File: f1/het2.png Graphic file (type png)

<use f1/het2.png>
Package pdftex.def Info: f1/het2.png used on input line 825.
(pdftex.def)             Requested size: 337.45322pt x 209.58255pt.

Overfull \hbox (7.40114pt too wide) in paragraph at lines 825--825
[][]  
 []


Overfull \hbox (182.9353pt too wide) has occurred while \output is active
 [][]  
 []

[68

 <./f1/het2.png>]
Overfull \hbox (182.9353pt too wide) has occurred while \output is active
 [][]  
 []

[69

] <f1/gd.png, id=6637, 1385.175pt x 768.8725pt>
File: f1/gd.png Graphic file (type png)
 <use f1/gd.png>
Package pdftex.def Info: f1/gd.png used on input line 840.
(pdftex.def)             Requested size: 325.49504pt x 180.67499pt.

Overfull \hbox (182.9353pt too wide) has occurred while \output is active
 [][]  
 []

[70

 <./f1/gd.png>]
Overfull \hbox (182.9353pt too wide) has occurred while \output is active
 [][]  
 []

[71

]
Overfull \hbox (182.9353pt too wide) has occurred while \output is active
 [][]  
 []

[72

]
Overfull \hbox (182.9353pt too wide) has occurred while \output is active
 [][]  
 []

[73

]
Overfull \hbox (182.9353pt too wide) has occurred while \output is active
 [][]  
 []

[74

]
Overfull \hbox (182.9353pt too wide) has occurred while \output is active
 [][]  
 []

[75

] <f1/kvc.png, id=7182, 715.67375pt x 471.7625pt>
File: f1/kvc.png Graphic file (type png)
 <use f1/kvc.png>
Package pdftex.def Info: f1/kvc.png used on input line 898.
(pdftex.def)             Requested size: 328.90814pt x 216.81pt.

Overfull \hbox (182.9353pt too wide) has occurred while \output is active
 [][]  
 []

[76

 <./f1/kvc.png>]
Overfull \vbox (1.74731pt too high) detected at line 907
 []


Overfull \hbox (182.9353pt too wide) has occurred while \output is active
 [][]  
 []

[77

]
Overfull \hbox (182.9353pt too wide) has occurred while \output is active
 [][]  
 []

[78

]
Overfull \hbox (182.9353pt too wide) has occurred while \output is active
 [][]  
 []

[79

]
Overfull \hbox (182.9353pt too wide) has occurred while \output is active
 [][]  
 []

[80

]
Overfull \hbox (182.9353pt too wide) has occurred while \output is active
 [][]  
 []

[81

]
Overfull \hbox (182.9353pt too wide) has occurred while \output is active
 [][]  
 []

[82

]
Overfull \hbox (182.9353pt too wide) has occurred while \output is active
 [][]  
 []

[83

] <f1/kvnc.png, id=7914, 847.165pt x 638.385pt>
File: f1/kvnc.png Graphic file (type png)
 <use f1/kvnc.png>
Package pdftex.def Info: f1/kvnc.png used on input line 975.
(pdftex.def)             Requested size: 260.8604pt x 196.57448pt.

Overfull \hbox (182.9353pt too wide) has occurred while \output is active
 [][]  
 []

[84

 <./f1/kvnc.png>]
Overfull \vbox (1.74731pt too high) detected at line 986
 []


Overfull \hbox (182.9353pt too wide) has occurred while \output is active
 [][]  
 []

[85

]
Overfull \vbox (2.53659pt too high) detected at line 1000
 []


Overfull \hbox (182.9353pt too wide) has occurred while \output is active
 [][]  
 []

[86

]
Overfull \hbox (182.9353pt too wide) has occurred while \output is active
 [][]  
 []

[87

]
Overfull \hbox (182.9353pt too wide) has occurred while \output is active
 [][]  
 []

[88

]
Overfull \vbox (1.20883pt too high) detected at line 1073
 []


Overfull \hbox (182.9353pt too wide) has occurred while \output is active
 [][]  
 []

[89

]
LaTeX Font Info:    Font shape `T1/cmtt/bx/n' in size <10> not available
(Font)              Font shape `T1/cmtt/m/n' tried instead on input line 1098.

Overfull \hbox (182.9353pt too wide) has occurred while \output is active
 [][]  
 []

[90

]
\tf@nav=\write6
\openout6 = `intro.nav'.

\tf@toc=\write7
\openout7 = `intro.toc'.

\tf@snm=\write8
\openout8 = `intro.snm'.

Package atveryend Info: Empty hook `BeforeClearDocument' on input line 1111.
Package atveryend Info: Empty hook `AfterLastShipout' on input line 1111.
 (./intro.aux)
Package atveryend Info: Executing hook `AtVeryEndDocument' on input line 1111.
Package atveryend Info: Executing hook `AtEndAfterFileList' on input line 1111.

Package rerunfilecheck Info: File `intro.out' has not changed.
(rerunfilecheck)             Checksum: 27FAA536F361F8F2C6F5F9424F136A1F;255.


LaTeX Font Warning: Size substitutions with differences
(Font)              up to 1.0pt have occurred.


LaTeX Font Warning: Some font shapes were not available, defaults substituted.

Package atveryend Info: Empty hook `AtVeryVeryEnd' on input line 1111.
 ) 
Here is how much of TeX's memory you used:
 18230 strings out of 493014
 343814 string characters out of 6133351
 503623 words of memory out of 5000000
 21051 multiletter control sequences out of 15000+600000
 58506 words of font info for 134 fonts, out of 8000000 for 9000
 1141 hyphenation exceptions out of 8191
 56i,19n,58p,897b,832s stack positions out of 5000i,500n,10000p,200000b,80000s
{/usr/local/texlive/2016/texmf-dist/fonts/enc/dvips/cm-super/cm-super-t1.enc}
</usr/local/texlive/2016/texmf-dist/fonts/type1/public/amsfonts/cm/cmmi10.pfb><
/usr/local/texlive/2016/texmf-dist/fonts/type1/public/amsfonts/cm/cmss10.pfb></
usr/local/texlive/2016/texmf-dist/fonts/type1/public/amsfonts/cm/cmss8.pfb></us
r/local/texlive/2016/texmf-dist/fonts/type1/public/amsfonts/cm/cmssi10.pfb></us
r/local/texlive/2016/texmf-dist/fonts/type1/public/amsfonts/cm/cmssi8.pfb></usr
/local/texlive/2016/texmf-dist/fonts/type1/public/amsfonts/cm/cmsy10.pfb></usr/
local/texlive/2016/texmf-dist/fonts/type1/public/amsfonts/cm/cmsy9.pfb></usr/lo
cal/texlive/2016/texmf-dist/fonts/type1/public/cm-super/sfsi0900.pfb></usr/loca
l/texlive/2016/texmf-dist/fonts/type1/public/cm-super/sfsi1000.pfb></usr/local/
texlive/2016/texmf-dist/fonts/type1/public/cm-super/sfss0600.pfb></usr/local/te
xlive/2016/texmf-dist/fonts/type1/public/cm-super/sfss0800.pfb></usr/local/texl
ive/2016/texmf-dist/fonts/type1/public/cm-super/sfss0900.pfb></usr/local/texliv
e/2016/texmf-dist/fonts/type1/public/cm-super/sfss1000.pfb></usr/local/texlive/
2016/texmf-dist/fonts/type1/public/cm-super/sfss1095.pfb></usr/local/texlive/20
16/texmf-dist/fonts/type1/public/cm-super/sfss1200.pfb></usr/local/texlive/2016
/texmf-dist/fonts/type1/public/cm-super/sfss1440.pfb></usr/local/texlive/2016/t
exmf-dist/fonts/type1/public/cm-super/sfsx0600.pfb></usr/local/texlive/2016/tex
mf-dist/fonts/type1/public/cm-super/sfsx0800.pfb></usr/local/texlive/2016/texmf
-dist/fonts/type1/public/cm-super/sfsx0900.pfb></usr/local/texlive/2016/texmf-d
ist/fonts/type1/public/cm-super/sfsx1000.pfb></usr/local/texlive/2016/texmf-dis
t/fonts/type1/public/cm-super/sfsx1095.pfb></usr/local/texlive/2016/texmf-dist/
fonts/type1/public/cm-super/sfsx1440.pfb></usr/local/texlive/2016/texmf-dist/fo
nts/type1/public/cm-super/sftt0800.pfb></usr/local/texlive/2016/texmf-dist/font
s/type1/public/cm-super/sftt0900.pfb></usr/local/texlive/2016/texmf-dist/fonts/
type1/public/cm-super/sftt1000.pfb></usr/local/texlive/2016/texmf-dist/fonts/ty
pe1/urw/symbol/usyr.pfb>
Output written on intro.pdf (90 pages, 9194096 bytes).
PDF statistics:
 8703 PDF objects out of 8907 (max. 8388607)
 8336 compressed objects within 84 object streams
 192 named destinations out of 1000 (max. 500000)
 278 words of extra memory for PDF output out of 10000 (max. 10000000)

